app/build/intermediates/manifest_merge_blame_file/debug/processDebugMainManifest/manifest-merger-blame-debug-report.txt
1<?xml version="1.0" encoding="utf-8"?>
2<manifest xmlns:android="http://schemas.android.com/apk/res/android"
3    package="com.example.middlecourseproject"
4    android:versionCode="1"
5    android:versionName="1.0" >
6
7    <uses-sdk
8        android:minSdkVersion="24"
9        android:targetSdkVersion="35" />
10
11    <queries>
11-->src/main/AndroidManifest.xml:5:5-14:15
12        <intent>
12-->src/main/AndroidManifest.xml:6:9-9:18
13            <action android:name="android.intent.action.VIEW" />
13-->src/main/AndroidManifest.xml:7:13-65
13-->src/main/AndroidManifest.xml:7:21-62
14
15            <data android:scheme="http" />
15-->src/main/AndroidManifest.xml:8:13-43
15-->src/main/AndroidManifest.xml:8:19-40
16        </intent>
17        <intent>
17-->src/main/AndroidManifest.xml:10:9-13:18
18            <action android:name="android.intent.action.VIEW" />
18-->src/main/AndroidManifest.xml:7:13-65
18-->src/main/AndroidManifest.xml:7:21-62
19
20            <data android:scheme="https" />
20-->src/main/AndroidManifest.xml:8:13-43
20-->src/main/AndroidManifest.xml:8:19-40
21        </intent>
22
23        <package android:name="com.google.ar.core" />
23-->[com.google.ar:core:1.37.0] AndroidManifest.xml:21:9-54
23-->[com.google.ar:core:1.37.0] AndroidManifest.xml:21:18-51
24    </queries>
25
26    <uses-feature
26-->src/main/AndroidManifest.xml:15:5-17:36
27        android:name="android.hardware.camera"
27-->src/main/AndroidManifest.xml:16:9-47
28        android:required="false" />
28-->src/main/AndroidManifest.xml:17:9-33
29
30    <uses-permission android:name="android.permission.ACCESS_NETWORK_STATE" />
30-->src/main/AndroidManifest.xml:19:5-79
30-->src/main/AndroidManifest.xml:19:22-76
31    <uses-permission android:name="android.permission.INTERNET" />
31-->src/main/AndroidManifest.xml:20:5-67
31-->src/main/AndroidManifest.xml:20:22-64
32    <uses-permission android:name="android.permission.CAMERA" />
32-->src/main/AndroidManifest.xml:21:5-65
32-->src/main/AndroidManifest.xml:21:22-62
33
34    <uses-feature
34-->src/main/AndroidManifest.xml:22:5-86
35        android:name="android.hardware.camera.ar"
35-->src/main/AndroidManifest.xml:22:19-60
36        android:required="true" />
36-->src/main/AndroidManifest.xml:22:61-84
37
38    <uses-permission android:name="android.permission.ACCESS_FINE_LOCATION" />
38-->src/main/AndroidManifest.xml:24:5-79
38-->src/main/AndroidManifest.xml:24:22-76
39    <uses-permission android:name="android.permission.ACCESS_COARSE_LOCATION" />
39-->src/main/AndroidManifest.xml:25:5-81
39-->src/main/AndroidManifest.xml:25:22-78
40    <uses-permission android:name="android.permission.POST_NOTIFICATIONS" />
40-->src/main/AndroidManifest.xml:27:5-77
40-->src/main/AndroidManifest.xml:27:22-74
41    <uses-permission android:name="android.permission.FOREGROUND_SERVICE" />
41-->src/main/AndroidManifest.xml:28:5-77
41-->src/main/AndroidManifest.xml:28:22-74
42    <uses-permission android:name="android.permission.FOREGROUND_SERVICE_DATA_SYNC" />
42-->src/main/AndroidManifest.xml:29:5-87
42-->src/main/AndroidManifest.xml:29:22-84
43    <uses-permission android:name="android.permission.RECEIVE_BOOT_COMPLETED" />
43-->src/main/AndroidManifest.xml:30:5-81
43-->src/main/AndroidManifest.xml:30:22-78
44    <uses-permission android:name="android.permission.RECORD_AUDIO" /> <!-- SceneView requires OpenGLES 3.0 or later for 3D rendering. -->
44-->[io.github.sceneview:arsceneview:0.10.0] AndroidManifest.xml:9:5-71
44-->[io.github.sceneview:arsceneview:0.10.0] AndroidManifest.xml:9:22-68
45    <uses-feature
45-->[io.github.sceneview:sceneview:0.10.0] AndroidManifest.xml:11:5-13:35
46        android:glEsVersion="0x00030000"
46-->[io.github.sceneview:sceneview:0.10.0] AndroidManifest.xml:12:9-41
47        android:required="true" />
47-->[io.github.sceneview:sceneview:0.10.0] AndroidManifest.xml:13:9-32
48
49    <uses-permission android:name="android.permission.WAKE_LOCK" /> <!-- Required by older versions of Google Play services to create IID tokens -->
49-->[com.google.firebase:firebase-messaging:24.1.1] AndroidManifest.xml:24:5-68
49-->[com.google.firebase:firebase-messaging:24.1.1] AndroidManifest.xml:24:22-65
50    <uses-permission android:name="com.google.android.c2dm.permission.RECEIVE" />
50-->[com.google.firebase:firebase-messaging:24.1.1] AndroidManifest.xml:26:5-82
50-->[com.google.firebase:firebase-messaging:24.1.1] AndroidManifest.xml:26:22-79
51    <uses-permission android:name="com.google.android.finsky.permission.BIND_GET_INSTALL_REFERRER_SERVICE" />
51-->[com.google.android.gms:play-services-measurement:22.4.0] AndroidManifest.xml:26:5-110
51-->[com.google.android.gms:play-services-measurement:22.4.0] AndroidManifest.xml:26:22-107
52    <uses-permission android:name="com.google.android.gms.permission.AD_ID" />
52-->[com.google.android.gms:play-services-measurement-impl:22.4.0] AndroidManifest.xml:27:5-79
52-->[com.google.android.gms:play-services-measurement-impl:22.4.0] AndroidManifest.xml:27:22-76
53    <uses-permission android:name="android.permission.ACCESS_ADSERVICES_ATTRIBUTION" />
53-->[com.google.android.gms:play-services-measurement-api:22.4.0] AndroidManifest.xml:26:5-88
53-->[com.google.android.gms:play-services-measurement-api:22.4.0] AndroidManifest.xml:26:22-85
54    <uses-permission android:name="android.permission.ACCESS_ADSERVICES_AD_ID" />
54-->[com.google.android.gms:play-services-measurement-api:22.4.0] AndroidManifest.xml:27:5-82
54-->[com.google.android.gms:play-services-measurement-api:22.4.0] AndroidManifest.xml:27:22-79
55    <uses-permission android:name="com.google.android.providers.gsf.permission.READ_GSERVICES" />
55-->[com.google.android.recaptcha:recaptcha:18.6.1] AndroidManifest.xml:9:5-98
55-->[com.google.android.recaptcha:recaptcha:18.6.1] AndroidManifest.xml:9:22-95
56
57    <permission
57-->[androidx.core:core:1.15.0] AndroidManifest.xml:22:5-24:47
58        android:name="com.example.middlecourseproject.DYNAMIC_RECEIVER_NOT_EXPORTED_PERMISSION"
58-->[androidx.core:core:1.15.0] AndroidManifest.xml:23:9-81
59        android:protectionLevel="signature" />
59-->[androidx.core:core:1.15.0] AndroidManifest.xml:24:9-44
60
61    <uses-permission android:name="com.example.middlecourseproject.DYNAMIC_RECEIVER_NOT_EXPORTED_PERMISSION" />
61-->[androidx.core:core:1.15.0] AndroidManifest.xml:26:5-97
61-->[androidx.core:core:1.15.0] AndroidManifest.xml:26:22-94
62
63    <application
63-->src/main/AndroidManifest.xml:32:5-87:19
64        android:name="com.example.middlecourseproject.MyApplication"
64-->src/main/AndroidManifest.xml:33:9-38
65        android:allowBackup="true"
65-->src/main/AndroidManifest.xml:34:9-35
66        android:appComponentFactory="androidx.core.app.CoreComponentFactory"
66-->[androidx.core:core:1.15.0] AndroidManifest.xml:28:18-86
67        android:dataExtractionRules="@xml/data_extraction_rules"
67-->src/main/AndroidManifest.xml:35:9-65
68        android:debuggable="true"
69        android:extractNativeLibs="false"
70        android:fullBackupContent="@xml/backup_rules"
70-->src/main/AndroidManifest.xml:36:9-54
71        android:icon="@mipmap/ic_launcher"
71-->src/main/AndroidManifest.xml:37:9-43
72        android:label="@string/app_name"
72-->src/main/AndroidManifest.xml:38:9-41
73        android:networkSecurityConfig="@xml/network_security_config"
73-->src/main/AndroidManifest.xml:42:9-69
74        android:roundIcon="@mipmap/ic_launcher_round"
74-->src/main/AndroidManifest.xml:39:9-54
75        android:supportsRtl="true"
75-->src/main/AndroidManifest.xml:40:9-35
76        android:testOnly="true"
77        android:theme="@style/Theme.MiddleCourseProject" >
77-->src/main/AndroidManifest.xml:41:9-57
78        <meta-data
78-->src/main/AndroidManifest.xml:45:9-48:45
79            android:name="com.google.ar.core"
79-->src/main/AndroidManifest.xml:46:13-46
80            android:value="required" />
80-->src/main/AndroidManifest.xml:47:13-37
81
82        <!-- Add notification icon metadata -->
83        <meta-data
83-->src/main/AndroidManifest.xml:51:9-53:60
84            android:name="com.google.firebase.messaging.default_notification_icon"
84-->src/main/AndroidManifest.xml:52:13-83
85            android:resource="@drawable/ic_notification" />
85-->src/main/AndroidManifest.xml:53:13-57
86
87        <activity
87-->src/main/AndroidManifest.xml:55:9-63:20
88            android:name="com.example.middlecourseproject.presentation.base.MainActivity"
88-->src/main/AndroidManifest.xml:56:13-59
89            android:configChanges="uiMode"
89-->src/main/AndroidManifest.xml:57:13-43
90            android:exported="true" >
90-->src/main/AndroidManifest.xml:58:13-36
91            <intent-filter>
91-->src/main/AndroidManifest.xml:59:13-62:29
92                <action android:name="android.intent.action.MAIN" />
92-->src/main/AndroidManifest.xml:60:17-69
92-->src/main/AndroidManifest.xml:60:25-66
93
94                <category android:name="android.intent.category.LAUNCHER" />
94-->src/main/AndroidManifest.xml:61:17-77
94-->src/main/AndroidManifest.xml:61:27-74
95            </intent-filter>
96        </activity>
97        <activity
97-->src/main/AndroidManifest.xml:64:9-68:66
98            android:name="com.example.middlecourseproject.presentation.ar.FoodArActivity"
98-->src/main/AndroidManifest.xml:65:13-59
99            android:configChanges="orientation|screenSize"
99-->src/main/AndroidManifest.xml:66:13-59
100            android:exported="false"
100-->src/main/AndroidManifest.xml:67:13-37
101            android:theme="@style/Theme.AppCompat.NoActionBar" />
101-->src/main/AndroidManifest.xml:68:13-63
102
103        <!-- Order tracking service for background updates -->
104        <service
104-->src/main/AndroidManifest.xml:71:9-75:40
105            android:name="com.example.middlecourseproject.domain.checkout.notification.OrderTrackingService"
105-->src/main/AndroidManifest.xml:72:13-78
106            android:enabled="true"
106-->src/main/AndroidManifest.xml:74:13-35
107            android:exported="false"
107-->src/main/AndroidManifest.xml:75:13-37
108            android:foregroundServiceType="dataSync" />
108-->src/main/AndroidManifest.xml:73:13-53
109
110        <!-- Boot receiver to restart tracking after device reboot -->
111        <receiver
111-->src/main/AndroidManifest.xml:78:9-86:20
112            android:name="com.example.middlecourseproject.domain.checkout.notification.BootReceiver"
112-->src/main/AndroidManifest.xml:79:13-70
113            android:enabled="true"
113-->src/main/AndroidManifest.xml:80:13-35
114            android:exported="false" >
114-->src/main/AndroidManifest.xml:81:13-37
115            <intent-filter>
115-->src/main/AndroidManifest.xml:82:13-85:29
116                <action android:name="android.intent.action.BOOT_COMPLETED" />
116-->src/main/AndroidManifest.xml:83:17-79
116-->src/main/AndroidManifest.xml:83:25-76
117
118                <category android:name="android.intent.category.DEFAULT" />
118-->src/main/AndroidManifest.xml:84:17-76
118-->src/main/AndroidManifest.xml:84:27-73
119            </intent-filter>
120        </receiver>
121
122        <service
122-->[androidx.room:room-runtime:2.6.1] AndroidManifest.xml:24:9-28:63
123            android:name="androidx.room.MultiInstanceInvalidationService"
123-->[androidx.room:room-runtime:2.6.1] AndroidManifest.xml:25:13-74
124            android:directBootAware="true"
124-->[androidx.room:room-runtime:2.6.1] AndroidManifest.xml:26:13-43
125            android:exported="false" />
125-->[androidx.room:room-runtime:2.6.1] AndroidManifest.xml:27:13-37
126        <service
126-->[com.google.firebase:firebase-firestore-ktx:25.1.4] AndroidManifest.xml:9:9-15:19
127            android:name="com.google.firebase.components.ComponentDiscoveryService"
127-->[com.google.firebase:firebase-firestore-ktx:25.1.4] AndroidManifest.xml:10:13-84
128            android:directBootAware="true"
128-->[com.google.firebase:firebase-common:21.0.0] AndroidManifest.xml:32:13-43
129            android:exported="false" >
129-->[com.google.firebase:firebase-firestore-ktx:25.1.4] AndroidManifest.xml:11:13-37
130            <meta-data
130-->[com.google.firebase:firebase-firestore-ktx:25.1.4] AndroidManifest.xml:12:13-14:85
131                android:name="com.google.firebase.components:com.google.firebase.firestore.ktx.FirebaseFirestoreLegacyRegistrar"
131-->[com.google.firebase:firebase-firestore-ktx:25.1.4] AndroidManifest.xml:13:17-129
132                android:value="com.google.firebase.components.ComponentRegistrar" />
132-->[com.google.firebase:firebase-firestore-ktx:25.1.4] AndroidManifest.xml:14:17-82
133            <meta-data
133-->[com.google.firebase:firebase-firestore:25.1.4] AndroidManifest.xml:17:13-19:85
134                android:name="com.google.firebase.components:com.google.firebase.firestore.FirebaseFirestoreKtxRegistrar"
134-->[com.google.firebase:firebase-firestore:25.1.4] AndroidManifest.xml:18:17-122
135                android:value="com.google.firebase.components.ComponentRegistrar" />
135-->[com.google.firebase:firebase-firestore:25.1.4] AndroidManifest.xml:19:17-82
136            <meta-data
136-->[com.google.firebase:firebase-firestore:25.1.4] AndroidManifest.xml:20:13-22:85
137                android:name="com.google.firebase.components:com.google.firebase.firestore.FirestoreRegistrar"
137-->[com.google.firebase:firebase-firestore:25.1.4] AndroidManifest.xml:21:17-111
138                android:value="com.google.firebase.components.ComponentRegistrar" />
138-->[com.google.firebase:firebase-firestore:25.1.4] AndroidManifest.xml:22:17-82
139            <meta-data
139-->[com.google.firebase:firebase-messaging-ktx:24.1.1] AndroidManifest.xml:26:13-28:85
140                android:name="com.google.firebase.components:com.google.firebase.messaging.ktx.FirebaseMessagingLegacyRegistrar"
140-->[com.google.firebase:firebase-messaging-ktx:24.1.1] AndroidManifest.xml:27:17-129
141                android:value="com.google.firebase.components.ComponentRegistrar" />
141-->[com.google.firebase:firebase-messaging-ktx:24.1.1] AndroidManifest.xml:28:17-82
142            <meta-data
142-->[com.google.firebase:firebase-messaging:24.1.1] AndroidManifest.xml:57:13-59:85
143                android:name="com.google.firebase.components:com.google.firebase.messaging.FirebaseMessagingKtxRegistrar"
143-->[com.google.firebase:firebase-messaging:24.1.1] AndroidManifest.xml:58:17-122
144                android:value="com.google.firebase.components.ComponentRegistrar" />
144-->[com.google.firebase:firebase-messaging:24.1.1] AndroidManifest.xml:59:17-82
145            <meta-data
145-->[com.google.firebase:firebase-messaging:24.1.1] AndroidManifest.xml:60:13-62:85
146                android:name="com.google.firebase.components:com.google.firebase.messaging.FirebaseMessagingRegistrar"
146-->[com.google.firebase:firebase-messaging:24.1.1] AndroidManifest.xml:61:17-119
147                android:value="com.google.firebase.components.ComponentRegistrar" />
147-->[com.google.firebase:firebase-messaging:24.1.1] AndroidManifest.xml:62:17-82
148            <meta-data
148-->[com.google.firebase:firebase-auth-ktx:23.2.0] AndroidManifest.xml:11:13-13:85
149                android:name="com.google.firebase.components:com.google.firebase.auth.ktx.FirebaseAuthLegacyRegistrar"
149-->[com.google.firebase:firebase-auth-ktx:23.2.0] AndroidManifest.xml:12:17-119
150                android:value="com.google.firebase.components.ComponentRegistrar" />
150-->[com.google.firebase:firebase-auth-ktx:23.2.0] AndroidManifest.xml:13:17-82
151            <meta-data
151-->[com.google.firebase:firebase-auth:23.2.0] AndroidManifest.xml:69:13-71:85
152                android:name="com.google.firebase.components:com.google.firebase.auth.FirebaseAuthRegistrar"
152-->[com.google.firebase:firebase-auth:23.2.0] AndroidManifest.xml:70:17-109
153                android:value="com.google.firebase.components.ComponentRegistrar" />
153-->[com.google.firebase:firebase-auth:23.2.0] AndroidManifest.xml:71:17-82
154            <meta-data
154-->[com.google.firebase:firebase-analytics-ktx:22.4.0] AndroidManifest.xml:11:13-13:85
155                android:name="com.google.firebase.components:com.google.firebase.analytics.ktx.FirebaseAnalyticsLegacyRegistrar"
155-->[com.google.firebase:firebase-analytics-ktx:22.4.0] AndroidManifest.xml:12:17-129
156                android:value="com.google.firebase.components.ComponentRegistrar" />
156-->[com.google.firebase:firebase-analytics-ktx:22.4.0] AndroidManifest.xml:13:17-82
157            <meta-data
157-->[com.google.android.gms:play-services-measurement-api:22.4.0] AndroidManifest.xml:33:13-35:85
158                android:name="com.google.firebase.components:com.google.firebase.analytics.connector.internal.AnalyticsConnectorRegistrar"
158-->[com.google.android.gms:play-services-measurement-api:22.4.0] AndroidManifest.xml:34:17-139
159                android:value="com.google.firebase.components.ComponentRegistrar" />
159-->[com.google.android.gms:play-services-measurement-api:22.4.0] AndroidManifest.xml:35:17-82
160            <meta-data
160-->[com.google.firebase:firebase-installations:18.0.0] AndroidManifest.xml:15:13-17:85
161                android:name="com.google.firebase.components:com.google.firebase.installations.FirebaseInstallationsKtxRegistrar"
161-->[com.google.firebase:firebase-installations:18.0.0] AndroidManifest.xml:16:17-130
162                android:value="com.google.firebase.components.ComponentRegistrar" />
162-->[com.google.firebase:firebase-installations:18.0.0] AndroidManifest.xml:17:17-82
163            <meta-data
163-->[com.google.firebase:firebase-installations:18.0.0] AndroidManifest.xml:18:13-20:85
164                android:name="com.google.firebase.components:com.google.firebase.installations.FirebaseInstallationsRegistrar"
164-->[com.google.firebase:firebase-installations:18.0.0] AndroidManifest.xml:19:17-127
165                android:value="com.google.firebase.components.ComponentRegistrar" />
165-->[com.google.firebase:firebase-installations:18.0.0] AndroidManifest.xml:20:17-82
166            <meta-data
166-->[com.google.firebase:firebase-common-ktx:21.0.0] AndroidManifest.xml:12:13-14:85
167                android:name="com.google.firebase.components:com.google.firebase.ktx.FirebaseCommonLegacyRegistrar"
167-->[com.google.firebase:firebase-common-ktx:21.0.0] AndroidManifest.xml:13:17-116
168                android:value="com.google.firebase.components.ComponentRegistrar" />
168-->[com.google.firebase:firebase-common-ktx:21.0.0] AndroidManifest.xml:14:17-82
169            <meta-data
169-->[com.google.firebase:firebase-common:21.0.0] AndroidManifest.xml:35:13-37:85
170                android:name="com.google.firebase.components:com.google.firebase.FirebaseCommonKtxRegistrar"
170-->[com.google.firebase:firebase-common:21.0.0] AndroidManifest.xml:36:17-109
171                android:value="com.google.firebase.components.ComponentRegistrar" />
171-->[com.google.firebase:firebase-common:21.0.0] AndroidManifest.xml:37:17-82
172            <meta-data
172-->[com.google.firebase:firebase-datatransport:18.2.0] AndroidManifest.xml:25:13-27:85
173                android:name="com.google.firebase.components:com.google.firebase.datatransport.TransportRegistrar"
173-->[com.google.firebase:firebase-datatransport:18.2.0] AndroidManifest.xml:26:17-115
174                android:value="com.google.firebase.components.ComponentRegistrar" />
174-->[com.google.firebase:firebase-datatransport:18.2.0] AndroidManifest.xml:27:17-82
175        </service>
176
177        <receiver
177-->[com.google.firebase:firebase-messaging:24.1.1] AndroidManifest.xml:29:9-40:20
178            android:name="com.google.firebase.iid.FirebaseInstanceIdReceiver"
178-->[com.google.firebase:firebase-messaging:24.1.1] AndroidManifest.xml:30:13-78
179            android:exported="true"
179-->[com.google.firebase:firebase-messaging:24.1.1] AndroidManifest.xml:31:13-36
180            android:permission="com.google.android.c2dm.permission.SEND" >
180-->[com.google.firebase:firebase-messaging:24.1.1] AndroidManifest.xml:32:13-73
181            <intent-filter>
181-->[com.google.firebase:firebase-messaging:24.1.1] AndroidManifest.xml:33:13-35:29
182                <action android:name="com.google.android.c2dm.intent.RECEIVE" />
182-->[com.google.firebase:firebase-messaging:24.1.1] AndroidManifest.xml:34:17-81
182-->[com.google.firebase:firebase-messaging:24.1.1] AndroidManifest.xml:34:25-78
183            </intent-filter>
184
185            <meta-data
185-->[com.google.firebase:firebase-messaging:24.1.1] AndroidManifest.xml:37:13-39:40
186                android:name="com.google.android.gms.cloudmessaging.FINISHED_AFTER_HANDLED"
186-->[com.google.firebase:firebase-messaging:24.1.1] AndroidManifest.xml:38:17-92
187                android:value="true" />
187-->[com.google.firebase:firebase-messaging:24.1.1] AndroidManifest.xml:39:17-37
188        </receiver>
189        <!--
190             FirebaseMessagingService performs security checks at runtime,
191             but set to not exported to explicitly avoid allowing another app to call it.
192        -->
193        <service
193-->[com.google.firebase:firebase-messaging:24.1.1] AndroidManifest.xml:46:9-53:19
194            android:name="com.google.firebase.messaging.FirebaseMessagingService"
194-->[com.google.firebase:firebase-messaging:24.1.1] AndroidManifest.xml:47:13-82
195            android:directBootAware="true"
195-->[com.google.firebase:firebase-messaging:24.1.1] AndroidManifest.xml:48:13-43
196            android:exported="false" >
196-->[com.google.firebase:firebase-messaging:24.1.1] AndroidManifest.xml:49:13-37
197            <intent-filter android:priority="-500" >
197-->[com.google.firebase:firebase-messaging:24.1.1] AndroidManifest.xml:50:13-52:29
197-->[com.google.firebase:firebase-messaging:24.1.1] AndroidManifest.xml:50:28-51
198                <action android:name="com.google.firebase.MESSAGING_EVENT" />
198-->[com.google.firebase:firebase-messaging:24.1.1] AndroidManifest.xml:51:17-78
198-->[com.google.firebase:firebase-messaging:24.1.1] AndroidManifest.xml:51:25-75
199            </intent-filter>
200        </service>
201
202        <activity
202-->[com.google.firebase:firebase-auth:23.2.0] AndroidManifest.xml:29:9-46:20
203            android:name="com.google.firebase.auth.internal.GenericIdpActivity"
203-->[com.google.firebase:firebase-auth:23.2.0] AndroidManifest.xml:30:13-80
204            android:excludeFromRecents="true"
204-->[com.google.firebase:firebase-auth:23.2.0] AndroidManifest.xml:31:13-46
205            android:exported="true"
205-->[com.google.firebase:firebase-auth:23.2.0] AndroidManifest.xml:32:13-36
206            android:launchMode="singleTask"
206-->[com.google.firebase:firebase-auth:23.2.0] AndroidManifest.xml:33:13-44
207            android:theme="@android:style/Theme.Translucent.NoTitleBar" >
207-->[com.google.firebase:firebase-auth:23.2.0] AndroidManifest.xml:34:13-72
208            <intent-filter>
208-->[com.google.firebase:firebase-auth:23.2.0] AndroidManifest.xml:35:13-45:29
209                <action android:name="android.intent.action.VIEW" />
209-->src/main/AndroidManifest.xml:7:13-65
209-->src/main/AndroidManifest.xml:7:21-62
210
211                <category android:name="android.intent.category.DEFAULT" />
211-->src/main/AndroidManifest.xml:84:17-76
211-->src/main/AndroidManifest.xml:84:27-73
212                <category android:name="android.intent.category.BROWSABLE" />
212-->[com.google.firebase:firebase-auth:23.2.0] AndroidManifest.xml:39:17-78
212-->[com.google.firebase:firebase-auth:23.2.0] AndroidManifest.xml:39:27-75
213
214                <data
214-->src/main/AndroidManifest.xml:8:13-43
215                    android:host="firebase.auth"
216                    android:path="/"
217                    android:scheme="genericidp" />
217-->src/main/AndroidManifest.xml:8:19-40
218            </intent-filter>
219        </activity>
220        <activity
220-->[com.google.firebase:firebase-auth:23.2.0] AndroidManifest.xml:47:9-64:20
221            android:name="com.google.firebase.auth.internal.RecaptchaActivity"
221-->[com.google.firebase:firebase-auth:23.2.0] AndroidManifest.xml:48:13-79
222            android:excludeFromRecents="true"
222-->[com.google.firebase:firebase-auth:23.2.0] AndroidManifest.xml:49:13-46
223            android:exported="true"
223-->[com.google.firebase:firebase-auth:23.2.0] AndroidManifest.xml:50:13-36
224            android:launchMode="singleTask"
224-->[com.google.firebase:firebase-auth:23.2.0] AndroidManifest.xml:51:13-44
225            android:theme="@android:style/Theme.Translucent.NoTitleBar" >
225-->[com.google.firebase:firebase-auth:23.2.0] AndroidManifest.xml:52:13-72
226            <intent-filter>
226-->[com.google.firebase:firebase-auth:23.2.0] AndroidManifest.xml:53:13-63:29
227                <action android:name="android.intent.action.VIEW" />
227-->src/main/AndroidManifest.xml:7:13-65
227-->src/main/AndroidManifest.xml:7:21-62
228
229                <category android:name="android.intent.category.DEFAULT" />
229-->src/main/AndroidManifest.xml:84:17-76
229-->src/main/AndroidManifest.xml:84:27-73
230                <category android:name="android.intent.category.BROWSABLE" />
230-->[com.google.firebase:firebase-auth:23.2.0] AndroidManifest.xml:39:17-78
230-->[com.google.firebase:firebase-auth:23.2.0] AndroidManifest.xml:39:27-75
231
232                <data
232-->src/main/AndroidManifest.xml:8:13-43
233                    android:host="firebase.auth"
234                    android:path="/"
235                    android:scheme="recaptcha" />
235-->src/main/AndroidManifest.xml:8:19-40
236            </intent-filter>
237        </activity>
238
239        <service
239-->[androidx.credentials:credentials-play-services-auth:1.2.0-rc01] AndroidManifest.xml:24:9-32:19
240            android:name="androidx.credentials.playservices.CredentialProviderMetadataHolder"
240-->[androidx.credentials:credentials-play-services-auth:1.2.0-rc01] AndroidManifest.xml:25:13-94
241            android:enabled="true"
241-->[androidx.credentials:credentials-play-services-auth:1.2.0-rc01] AndroidManifest.xml:26:13-35
242            android:exported="false" >
242-->[androidx.credentials:credentials-play-services-auth:1.2.0-rc01] AndroidManifest.xml:27:13-37
243            <meta-data
243-->[androidx.credentials:credentials-play-services-auth:1.2.0-rc01] AndroidManifest.xml:29:13-31:104
244                android:name="androidx.credentials.CREDENTIAL_PROVIDER_KEY"
244-->[androidx.credentials:credentials-play-services-auth:1.2.0-rc01] AndroidManifest.xml:30:17-76
245                android:value="androidx.credentials.playservices.CredentialProviderPlayServicesImpl" />
245-->[androidx.credentials:credentials-play-services-auth:1.2.0-rc01] AndroidManifest.xml:31:17-101
246        </service>
247
248        <activity
248-->[androidx.credentials:credentials-play-services-auth:1.2.0-rc01] AndroidManifest.xml:34:9-41:20
249            android:name="androidx.credentials.playservices.HiddenActivity"
249-->[androidx.credentials:credentials-play-services-auth:1.2.0-rc01] AndroidManifest.xml:35:13-76
250            android:configChanges="orientation|screenSize|screenLayout|keyboardHidden"
250-->[androidx.credentials:credentials-play-services-auth:1.2.0-rc01] AndroidManifest.xml:36:13-87
251            android:enabled="true"
251-->[androidx.credentials:credentials-play-services-auth:1.2.0-rc01] AndroidManifest.xml:37:13-35
252            android:exported="false"
252-->[androidx.credentials:credentials-play-services-auth:1.2.0-rc01] AndroidManifest.xml:38:13-37
253            android:fitsSystemWindows="true"
253-->[androidx.credentials:credentials-play-services-auth:1.2.0-rc01] AndroidManifest.xml:39:13-45
254            android:theme="@style/Theme.Hidden" >
254-->[androidx.credentials:credentials-play-services-auth:1.2.0-rc01] AndroidManifest.xml:40:13-48
255        </activity>
256        <activity
256-->[com.google.android.gms:play-services-auth:20.7.0] AndroidManifest.xml:23:9-27:75
257            android:name="com.google.android.gms.auth.api.signin.internal.SignInHubActivity"
257-->[com.google.android.gms:play-services-auth:20.7.0] AndroidManifest.xml:24:13-93
258            android:excludeFromRecents="true"
258-->[com.google.android.gms:play-services-auth:20.7.0] AndroidManifest.xml:25:13-46
259            android:exported="false"
259-->[com.google.android.gms:play-services-auth:20.7.0] AndroidManifest.xml:26:13-37
260            android:theme="@android:style/Theme.Translucent.NoTitleBar" />
260-->[com.google.android.gms:play-services-auth:20.7.0] AndroidManifest.xml:27:13-72
261        <!--
262            Service handling Google Sign-In user revocation. For apps that do not integrate with
263            Google Sign-In, this service will never be started.
264        -->
265        <service
265-->[com.google.android.gms:play-services-auth:20.7.0] AndroidManifest.xml:33:9-37:51
266            android:name="com.google.android.gms.auth.api.signin.RevocationBoundService"
266-->[com.google.android.gms:play-services-auth:20.7.0] AndroidManifest.xml:34:13-89
267            android:exported="true"
267-->[com.google.android.gms:play-services-auth:20.7.0] AndroidManifest.xml:35:13-36
268            android:permission="com.google.android.gms.auth.api.signin.permission.REVOCATION_NOTIFICATION"
268-->[com.google.android.gms:play-services-auth:20.7.0] AndroidManifest.xml:36:13-107
269            android:visibleToInstantApps="true" />
269-->[com.google.android.gms:play-services-auth:20.7.0] AndroidManifest.xml:37:13-48
270
271        <receiver
271-->[com.google.android.gms:play-services-measurement:22.4.0] AndroidManifest.xml:29:9-33:20
272            android:name="com.google.android.gms.measurement.AppMeasurementReceiver"